<?xml version="1.0" encoding="UTF-8"?>
<!-- Generated by org.testng.reporters.JUnitReportReporter -->
<testsuite hostname="LAPTOP-N9DSPKKO" failures="0" tests="4" name="com.qa.opencart.test.LoginPageTest" time="3.723" errors="0" timestamp="2021-11-19T13:25:11 IST" skipped="0">
  <testcase classname="com.qa.opencart.test.LoginPageTest" name="loginPageTitleTest" time="0.020"/>
  <system-out/>
  <testcase classname="com.qa.opencart.test.LoginPageTest" name="forgottentPwdLinkTest" time="0.079"/>
  <system-out/>
  <testcase classname="com.qa.opencart.test.LoginPageTest" name="loginLinkTest" time="0.037"/>
  <system-out/>
  <testcase classname="com.qa.opencart.test.LoginPageTest" name="LoginAppTest" time="3.587"/>
  <system-out/>
</testsuite> <!-- com.qa.opencart.test.LoginPageTest -->
